[debug] [2022-03-09T04:17:14.470Z] ----------------------------------------------------------------------
[debug] [2022-03-09T04:17:14.472Z] Command:       /Users/satoyoshi/.nodebrew/node/v16.9.0/bin/node /Users/satoyoshi/.nodebrew/current/bin/firebase init
[debug] [2022-03-09T04:17:14.472Z] CLI Version:   10.1.2
[debug] [2022-03-09T04:17:14.472Z] Platform:      darwin
[debug] [2022-03-09T04:17:14.472Z] Node Version:  v16.9.0
[debug] [2022-03-09T04:17:14.474Z] Time:          Wed Mar 09 2022 13:17:14 GMT+0900 (日本標準時)
[debug] [2022-03-09T04:17:14.474Z] ----------------------------------------------------------------------
[debug] 
[debug] [2022-03-09T04:17:14.530Z] > command requires scopes: ["email","openid","https://www.googleapis.com/auth/cloudplatformprojects.readonly","https://www.googleapis.com/auth/firebase","https://www.googleapis.com/auth/cloud-platform"]
[debug] [2022-03-09T04:17:14.530Z] > authorizing via signed-in user (libeol51@gmail.com)
[info] 
     ######## #### ########  ######## ########     ###     ######  ########
     ##        ##  ##     ## ##       ##     ##  ##   ##  ##       ##
     ######    ##  ########  ######   ########  #########  ######  ######
     ##        ##  ##    ##  ##       ##     ## ##     ##       ## ##
     ##       #### ##     ## ######## ########  ##     ##  ######  ########

You're about to initialize a Firebase project in this directory:

  /Users/satoyoshi/IdeaProjects/arklet-blog

Before we get started, keep in mind:

  * You are initializing within an existing Firebase project directory

[info] 
=== Project Setup
[info] 
[info] First, let's associate this project directory with a Firebase project.
[info] You can create multiple project aliases by running firebase use --add, 
[info] but for now we'll just set up a default project.
[info] 
[debug] [2022-03-09T04:17:16.082Z] Using project from CLI flag: arklet-blog
[debug] [2022-03-09T04:17:16.085Z] >>> [apiv2][query] GET https://firebase.googleapis.com/v1beta1/projects/arklet-blog [none]
[debug] [2022-03-09T04:17:16.803Z] <<< [apiv2][status] GET https://firebase.googleapis.com/v1beta1/projects/arklet-blog 403
[debug] [2022-03-09T04:17:16.803Z] <<< [apiv2][body] GET https://firebase.googleapis.com/v1beta1/projects/arklet-blog {"error":{"code":403,"message":"The caller does not have permission","status":"PERMISSION_DENIED"}}
[debug] [2022-03-09T04:17:16.803Z] HTTP Error: 403, The caller does not have permission
[debug] [2022-03-09T04:17:17.129Z] FirebaseError: HTTP Error: 403, The caller does not have permission
    at module.exports (/Users/satoyoshi/.nodebrew/node/v16.9.0/lib/node_modules/firebase-tools/lib/responseToError.js:38:12)
    at Client.doRequest (/Users/satoyoshi/.nodebrew/node/v16.9.0/lib/node_modules/firebase-tools/lib/apiv2.js:241:23)
    at processTicksAndRejections (node:internal/process/task_queues:96:5)
    at async Client.request (/Users/satoyoshi/.nodebrew/node/v16.9.0/lib/node_modules/firebase-tools/lib/apiv2.js:96:20)
    at async getFirebaseProject (/Users/satoyoshi/.nodebrew/node/v16.9.0/lib/node_modules/firebase-tools/lib/management/projects.js:290:21)
    at async Object.doSetup [as project] (/Users/satoyoshi/.nodebrew/node/v16.9.0/lib/node_modules/firebase-tools/lib/init/features/project.js:85:27)
    at async init (/Users/satoyoshi/.nodebrew/node/v16.9.0/lib/node_modules/firebase-tools/lib/init/index.js:19:9)
[error] 
[error] Error: Failed to get Firebase project arklet-blog. Please make sure the project exists and your account has permission to access it.
